<?xml version="1.0" encoding="UTF-8"?>
<!-- Generated by org.testng.reporters.JUnitXMLReporter -->
<testsuite hostname="RIDVANs-MacBook-Pro.local" ignored="0" name="TestNG" tests="13" failures="2" timestamp="27 May 2020 14:46:28 GMT" time="0.07" errors="0">
  <testcase name="Demo" time="0.0" classname="com.gunduz.TestNG.TestNG_Practice1"/>
  <testcase name="secondDemo" time="0.0" classname="com.gunduz.TestNG.TestNG_Practice1">
    <failure type="org.testng.TestNGException" message="
Parameter &amp;apos;URL&amp;apos; is required by @Test on method secondDemo but has not been marked @Optional or defined
in /Users/ridvangunduz/IdeaProjects/Selenium/testng.xml">
      <![CDATA[org.testng.TestNGException: 
Parameter 'URL' is required by @Test on method secondDemo but has not been marked @Optional or defined
in /Users/ridvangunduz/IdeaProjects/Selenium/testng.xml
at org.testng.internal.Parameters.createParams(Parameters.java:290)
at org.testng.internal.Parameters.createParametersForMethod(Parameters.java:359)
at org.testng.internal.Parameters.createParameters(Parameters.java:620)
at org.testng.internal.Parameters.handleParameters(Parameters.java:769)
at org.testng.internal.ParameterHandler.handleParameters(ParameterHandler.java:49)
at org.testng.internal.ParameterHandler.createParameters(ParameterHandler.java:37)
at org.testng.internal.Invoker.invokeTestMethods(Invoker.java:924)
at org.testng.internal.TestMethodWorker.invokeTestMethods(TestMethodWorker.java:125)
at org.testng.internal.TestMethodWorker.run(TestMethodWorker.java:109)
at org.testng.TestRunner.privateRun(TestRunner.java:648)
at org.testng.TestRunner.run(TestRunner.java:505)
at org.testng.SuiteRunner.runTest(SuiteRunner.java:455)
at org.testng.SuiteRunner.access$000(SuiteRunner.java:40)
at org.testng.SuiteRunner$SuiteWorker.run(SuiteRunner.java:489)
at org.testng.internal.thread.ThreadUtil$1.call(ThreadUtil.java:52)
at java.util.concurrent.FutureTask.run(FutureTask.java:266)
at java.util.concurrent.ThreadPoolExecutor.runWorker(ThreadPoolExecutor.java:1149)
at java.util.concurrent.ThreadPoolExecutor$Worker.run(ThreadPoolExecutor.java:624)
at java.lang.Thread.run(Thread.java:748)
]]>
    </failure>
  </testcase> <!-- secondDemo -->
  <testcase name="thirdDemo" time="0.001" classname="com.gunduz.TestNG.TestNG_Practice2"/>
  <testcase name="WebLoginCarLoan" time="0.0" classname="com.gunduz.TestNG.TestNG_Practice3"/>
  <testcase name="LoginCarLoan" time="0.001" classname="com.gunduz.TestNG.TestNG_Practice3"/>
  <testcase name="LoginCarLoan" time="0.0" classname="com.gunduz.TestNG.TestNG_Practice3"/>
  <testcase name="LoginCarLoan" time="0.0" classname="com.gunduz.TestNG.TestNG_Practice3"/>
  <testcase name="WebLoginHomeLoan" time="0.001" classname="com.gunduz.TestNG.TestNG_Practice4"/>
  <testcase name="MobileLoginHomeLoan" time="0.0" classname="com.gunduz.TestNG.TestNG_Practice4"/>
  <testcase name="MobileSignInHomeLoan" time="0.001" classname="com.gunduz.TestNG.TestNG_Practice4"/>
  <testcase name="MobileSignOutHomeLoan" time="0.0" classname="com.gunduz.TestNG.TestNG_Practice4"/>
  <testcase name="LoginAPIHomeLoan" time="0.0" classname="com.gunduz.TestNG.TestNG_Practice4">
    <failure type="org.testng.TestNGException" message="
Parameter &amp;apos;URL&amp;apos; is required by @Test on method LoginAPIHomeLoan but has not been marked @Optional or defined
in /Users/ridvangunduz/IdeaProjects/Selenium/testng.xml">
      <![CDATA[org.testng.TestNGException: 
Parameter 'URL' is required by @Test on method LoginAPIHomeLoan but has not been marked @Optional or defined
in /Users/ridvangunduz/IdeaProjects/Selenium/testng.xml
at org.testng.internal.Parameters.createParams(Parameters.java:290)
at org.testng.internal.Parameters.createParametersForMethod(Parameters.java:359)
at org.testng.internal.Parameters.createParameters(Parameters.java:620)
at org.testng.internal.Parameters.handleParameters(Parameters.java:769)
at org.testng.internal.ParameterHandler.handleParameters(ParameterHandler.java:49)
at org.testng.internal.ParameterHandler.createParameters(ParameterHandler.java:37)
at org.testng.internal.Invoker.invokeTestMethods(Invoker.java:924)
at org.testng.internal.TestMethodWorker.invokeTestMethods(TestMethodWorker.java:125)
at org.testng.internal.TestMethodWorker.run(TestMethodWorker.java:109)
at org.testng.TestRunner.privateRun(TestRunner.java:648)
at org.testng.TestRunner.run(TestRunner.java:505)
at org.testng.SuiteRunner.runTest(SuiteRunner.java:455)
at org.testng.SuiteRunner.access$000(SuiteRunner.java:40)
at org.testng.SuiteRunner$SuiteWorker.run(SuiteRunner.java:489)
at org.testng.internal.thread.ThreadUtil$1.call(ThreadUtil.java:52)
at java.util.concurrent.FutureTask.run(FutureTask.java:266)
at java.util.concurrent.ThreadPoolExecutor.runWorker(ThreadPoolExecutor.java:1149)
at java.util.concurrent.ThreadPoolExecutor$Worker.run(ThreadPoolExecutor.java:624)
at java.lang.Thread.run(Thread.java:748)
]]>
    </failure>
  </testcase> <!-- LoginAPIHomeLoan -->
  <testcase name="LoginAPICarLoan" time="0.001" classname="com.gunduz.TestNG.TestNG_Practice3"/>
</testsuite> <!-- TestNG -->
